<?xml version="1.0" encoding="UTF-8"?>
<!-- Generated by org.testng.reporters.JUnitReportReporter -->
<testsuite hostname="Firoj" failures="0" tests="1" name="test_class.Post_tc1" time="1.655" errors="0" timestamp="2023-04-06T08:02:59 IST" skipped="0">
  <testcase classname="test_class.Post_tc1" name="orchestrator" time="1.655"/>
  <system-out/>
</testsuite> <!-- test_class.Post_tc1 -->
